
@----------------------------------------------------------@
|        PLINK!       |     v1.02      |   25/May/2008     |
|----------------------------------------------------------|
|  (C) 2008 Shaun Purcell, GNU General Public License, v2  |
|----------------------------------------------------------|
|  For documentation, citation & bug-report instructions:  |
|        http://pngu.mgh.harvard.edu/purcell/plink/        |
@----------------------------------------------------------@

Web-check not implemented on this system...
Writing this text to log file [ tools/alcoholism_study_result.log ]
Analysis started: Fri May 29 12:01:09 2026

Options in effect:
	--file tools/alcoholism_study
	--freq
	--out tools/alcoholism_study_result

10 (of 10) markers to be included from [ tools/alcoholism_study.map ]
100 individuals read from [ tools/alcoholism_study.ped ] 
100 individuals with nonmissing phenotypes
Assuming a disease phenotype (1=unaff, 2=aff, 0=miss)
Missing phenotype value is also -9
50 cases, 50 controls and 0 missing
43 males, 57 females, and 0 of unspecified sex
Before frequency and genotyping pruning, there are 10 SNPs
100 founders and 0 non-founders found
0 of 100 individuals removed for low genotyping ( MIND > 0.1 )
14 heterozygous haploid genotypes called
Writing list of heterozygous haploid genotypes to [ tools/alcoholism_study_result.hh ]
Writing allele frequencies (founders-only) to [ tools/alcoholism_study_result.frq ] 

Analysis finished: Fri May 29 12:01:09 2026

